app/build/intermediates/manifest_merge_blame_file/debug/processDebugMainManifest/manifest-merger-blame-debug-report.txt
1<?xml version="1.0" encoding="utf-8"?>
2<manifest xmlns:android="http://schemas.android.com/apk/res/android"
3    package="fr.isen.lucasribeiro.waltfiles"
4    android:versionCode="1"
5    android:versionName="1.0" >
6
7    <uses-sdk
8        android:minSdkVersion="28"
9        android:targetSdkVersion="36" />
10
11    <uses-permission android:name="android.permission.INTERNET" />
11-->src\main\AndroidManifest.xml:5:5-67
11-->src\main\AndroidManifest.xml:5:22-64
12    <uses-permission android:name="android.permission.ACCESS_NETWORK_STATE" />
12-->[com.google.firebase:firebase-auth:24.0.1] AndroidManifest.xml:26:5-79
12-->[com.google.firebase:firebase-auth:24.0.1] AndroidManifest.xml:26:22-76
13    <uses-permission android:name="com.google.android.providers.gsf.permission.READ_GSERVICES" />
13-->[com.google.android.recaptcha:recaptcha:18.6.1] AndroidManifest.xml:9:5-98
13-->[com.google.android.recaptcha:recaptcha:18.6.1] AndroidManifest.xml:9:22-95
14
15    <permission
15-->[androidx.core:core:1.17.0] AndroidManifest.xml:22:5-24:47
16        android:name="fr.isen.lucasribeiro.waltfiles.DYNAMIC_RECEIVER_NOT_EXPORTED_PERMISSION"
16-->[androidx.core:core:1.17.0] AndroidManifest.xml:23:9-81
17        android:protectionLevel="signature" />
17-->[androidx.core:core:1.17.0] AndroidManifest.xml:24:9-44
18
19    <uses-permission android:name="fr.isen.lucasribeiro.waltfiles.DYNAMIC_RECEIVER_NOT_EXPORTED_PERMISSION" />
19-->[androidx.core:core:1.17.0] AndroidManifest.xml:26:5-97
19-->[androidx.core:core:1.17.0] AndroidManifest.xml:26:22-94
20
21    <application
21-->src\main\AndroidManifest.xml:7:5-27:19
22        android:allowBackup="true"
22-->src\main\AndroidManifest.xml:8:9-35
23        android:appComponentFactory="androidx.core.app.CoreComponentFactory"
23-->[androidx.core:core:1.17.0] AndroidManifest.xml:28:18-86
24        android:dataExtractionRules="@xml/data_extraction_rules"
24-->src\main\AndroidManifest.xml:9:9-65
25        android:debuggable="true"
26        android:extractNativeLibs="false"
27        android:fullBackupContent="@xml/backup_rules"
27-->src\main\AndroidManifest.xml:10:9-54
28        android:icon="@mipmap/ic_launcher"
28-->src\main\AndroidManifest.xml:11:9-43
29        android:label="@string/app_name"
29-->src\main\AndroidManifest.xml:12:9-41
30        android:roundIcon="@mipmap/ic_launcher_round"
30-->src\main\AndroidManifest.xml:13:9-54
31        android:supportsRtl="true"
31-->src\main\AndroidManifest.xml:14:9-35
32        android:testOnly="true"
33        android:theme="@style/Theme.WaltFiles" >
33-->src\main\AndroidManifest.xml:15:9-47
34        <activity
34-->src\main\AndroidManifest.xml:16:9-26:20
35            android:name="fr.isen.lucasribeiro.waltfiles.MainActivity"
35-->src\main\AndroidManifest.xml:17:13-41
36            android:exported="true"
36-->src\main\AndroidManifest.xml:18:13-36
37            android:label="@string/app_name"
37-->src\main\AndroidManifest.xml:19:13-45
38            android:theme="@style/Theme.WaltFiles" >
38-->src\main\AndroidManifest.xml:20:13-51
39            <intent-filter>
39-->src\main\AndroidManifest.xml:21:13-25:29
40                <action android:name="android.intent.action.MAIN" />
40-->src\main\AndroidManifest.xml:22:17-69
40-->src\main\AndroidManifest.xml:22:25-66
41
42                <category android:name="android.intent.category.LAUNCHER" />
42-->src\main\AndroidManifest.xml:24:17-77
42-->src\main\AndroidManifest.xml:24:27-74
43            </intent-filter>
44        </activity>
45        <activity
45-->[com.google.firebase:firebase-auth:24.0.1] AndroidManifest.xml:29:9-46:20
46            android:name="com.google.firebase.auth.internal.GenericIdpActivity"
46-->[com.google.firebase:firebase-auth:24.0.1] AndroidManifest.xml:30:13-80
47            android:excludeFromRecents="true"
47-->[com.google.firebase:firebase-auth:24.0.1] AndroidManifest.xml:31:13-46
48            android:exported="true"
48-->[com.google.firebase:firebase-auth:24.0.1] AndroidManifest.xml:32:13-36
49            android:launchMode="singleTask"
49-->[com.google.firebase:firebase-auth:24.0.1] AndroidManifest.xml:33:13-44
50            android:theme="@android:style/Theme.Translucent.NoTitleBar" >
50-->[com.google.firebase:firebase-auth:24.0.1] AndroidManifest.xml:34:13-72
51            <intent-filter>
51-->[com.google.firebase:firebase-auth:24.0.1] AndroidManifest.xml:35:13-45:29
52                <action android:name="android.intent.action.VIEW" />
52-->[com.google.firebase:firebase-auth:24.0.1] AndroidManifest.xml:36:17-69
52-->[com.google.firebase:firebase-auth:24.0.1] AndroidManifest.xml:36:25-66
53
54                <category android:name="android.intent.category.DEFAULT" />
54-->[com.google.firebase:firebase-auth:24.0.1] AndroidManifest.xml:38:17-76
54-->[com.google.firebase:firebase-auth:24.0.1] AndroidManifest.xml:38:27-73
55                <category android:name="android.intent.category.BROWSABLE" />
55-->[com.google.firebase:firebase-auth:24.0.1] AndroidManifest.xml:39:17-78
55-->[com.google.firebase:firebase-auth:24.0.1] AndroidManifest.xml:39:27-75
56
57                <data
57-->[com.google.firebase:firebase-auth:24.0.1] AndroidManifest.xml:41:17-44:51
58                    android:host="firebase.auth"
58-->[com.google.firebase:firebase-auth:24.0.1] AndroidManifest.xml:42:21-49
59                    android:path="/"
59-->[com.google.firebase:firebase-auth:24.0.1] AndroidManifest.xml:43:21-37
60                    android:scheme="genericidp" />
60-->[com.google.firebase:firebase-auth:24.0.1] AndroidManifest.xml:44:21-48
61            </intent-filter>
62        </activity>
63        <activity
63-->[com.google.firebase:firebase-auth:24.0.1] AndroidManifest.xml:47:9-64:20
64            android:name="com.google.firebase.auth.internal.RecaptchaActivity"
64-->[com.google.firebase:firebase-auth:24.0.1] AndroidManifest.xml:48:13-79
65            android:excludeFromRecents="true"
65-->[com.google.firebase:firebase-auth:24.0.1] AndroidManifest.xml:49:13-46
66            android:exported="true"
66-->[com.google.firebase:firebase-auth:24.0.1] AndroidManifest.xml:50:13-36
67            android:launchMode="singleTask"
67-->[com.google.firebase:firebase-auth:24.0.1] AndroidManifest.xml:51:13-44
68            android:theme="@android:style/Theme.Translucent.NoTitleBar" >
68-->[com.google.firebase:firebase-auth:24.0.1] AndroidManifest.xml:52:13-72
69            <intent-filter>
69-->[com.google.firebase:firebase-auth:24.0.1] AndroidManifest.xml:53:13-63:29
70                <action android:name="android.intent.action.VIEW" />
70-->[com.google.firebase:firebase-auth:24.0.1] AndroidManifest.xml:36:17-69
70-->[com.google.firebase:firebase-auth:24.0.1] AndroidManifest.xml:36:25-66
71
72                <category android:name="android.intent.category.DEFAULT" />
72-->[com.google.firebase:firebase-auth:24.0.1] AndroidManifest.xml:38:17-76
72-->[com.google.firebase:firebase-auth:24.0.1] AndroidManifest.xml:38:27-73
73                <category android:name="android.intent.category.BROWSABLE" />
73-->[com.google.firebase:firebase-auth:24.0.1] AndroidManifest.xml:39:17-78
73-->[com.google.firebase:firebase-auth:24.0.1] AndroidManifest.xml:39:27-75
74
75                <data
75-->[com.google.firebase:firebase-auth:24.0.1] AndroidManifest.xml:41:17-44:51
76                    android:host="firebase.auth"
76-->[com.google.firebase:firebase-auth:24.0.1] AndroidManifest.xml:42:21-49
77                    android:path="/"
77-->[com.google.firebase:firebase-auth:24.0.1] AndroidManifest.xml:43:21-37
78                    android:scheme="recaptcha" />
78-->[com.google.firebase:firebase-auth:24.0.1] AndroidManifest.xml:44:21-48
79            </intent-filter>
80        </activity>
81
82        <service
82-->[com.google.firebase:firebase-auth:24.0.1] AndroidManifest.xml:66:9-72:19
83            android:name="com.google.firebase.components.ComponentDiscoveryService"
83-->[com.google.firebase:firebase-auth:24.0.1] AndroidManifest.xml:67:13-84
84            android:directBootAware="true"
84-->[com.google.firebase:firebase-common:22.0.1] AndroidManifest.xml:32:13-43
85            android:exported="false" >
85-->[com.google.firebase:firebase-auth:24.0.1] AndroidManifest.xml:68:13-37
86            <meta-data
86-->[com.google.firebase:firebase-auth:24.0.1] AndroidManifest.xml:69:13-71:85
87                android:name="com.google.firebase.components:com.google.firebase.auth.FirebaseAuthRegistrar"
87-->[com.google.firebase:firebase-auth:24.0.1] AndroidManifest.xml:70:17-109
88                android:value="com.google.firebase.components.ComponentRegistrar" />
88-->[com.google.firebase:firebase-auth:24.0.1] AndroidManifest.xml:71:17-82
89            <meta-data
89-->[com.google.firebase:firebase-database:22.0.1] AndroidManifest.xml:29:13-31:85
90                android:name="com.google.firebase.components:com.google.firebase.database.FirebaseDatabaseKtxRegistrar"
90-->[com.google.firebase:firebase-database:22.0.1] AndroidManifest.xml:30:17-120
91                android:value="com.google.firebase.components.ComponentRegistrar" />
91-->[com.google.firebase:firebase-database:22.0.1] AndroidManifest.xml:31:17-82
92            <meta-data
92-->[com.google.firebase:firebase-database:22.0.1] AndroidManifest.xml:32:13-34:85
93                android:name="com.google.firebase.components:com.google.firebase.database.DatabaseRegistrar"
93-->[com.google.firebase:firebase-database:22.0.1] AndroidManifest.xml:33:17-109
94                android:value="com.google.firebase.components.ComponentRegistrar" />
94-->[com.google.firebase:firebase-database:22.0.1] AndroidManifest.xml:34:17-82
95            <meta-data
95-->[com.google.firebase:firebase-common:22.0.1] AndroidManifest.xml:35:13-37:85
96                android:name="com.google.firebase.components:com.google.firebase.FirebaseCommonKtxRegistrar"
96-->[com.google.firebase:firebase-common:22.0.1] AndroidManifest.xml:36:17-109
97                android:value="com.google.firebase.components.ComponentRegistrar" />
97-->[com.google.firebase:firebase-common:22.0.1] AndroidManifest.xml:37:17-82
98        </service>
99        <service
99-->[androidx.credentials:credentials-play-services-auth:1.2.0-rc01] AndroidManifest.xml:24:9-32:19
100            android:name="androidx.credentials.playservices.CredentialProviderMetadataHolder"
100-->[androidx.credentials:credentials-play-services-auth:1.2.0-rc01] AndroidManifest.xml:25:13-94
101            android:enabled="true"
101-->[androidx.credentials:credentials-play-services-auth:1.2.0-rc01] AndroidManifest.xml:26:13-35
102            android:exported="false" >
102-->[androidx.credentials:credentials-play-services-auth:1.2.0-rc01] AndroidManifest.xml:27:13-37
103            <meta-data
103-->[androidx.credentials:credentials-play-services-auth:1.2.0-rc01] AndroidManifest.xml:29:13-31:104
104                android:name="androidx.credentials.CREDENTIAL_PROVIDER_KEY"
104-->[androidx.credentials:credentials-play-services-auth:1.2.0-rc01] AndroidManifest.xml:30:17-76
105                android:value="androidx.credentials.playservices.CredentialProviderPlayServicesImpl" />
105-->[androidx.credentials:credentials-play-services-auth:1.2.0-rc01] AndroidManifest.xml:31:17-101
106        </service>
107
108        <activity
108-->[androidx.credentials:credentials-play-services-auth:1.2.0-rc01] AndroidManifest.xml:34:9-41:20
109            android:name="androidx.credentials.playservices.HiddenActivity"
109-->[androidx.credentials:credentials-play-services-auth:1.2.0-rc01] AndroidManifest.xml:35:13-76
110            android:configChanges="orientation|screenSize|screenLayout|keyboardHidden"
110-->[androidx.credentials:credentials-play-services-auth:1.2.0-rc01] AndroidManifest.xml:36:13-87
111            android:enabled="true"
111-->[androidx.credentials:credentials-play-services-auth:1.2.0-rc01] AndroidManifest.xml:37:13-35
112            android:exported="false"
112-->[androidx.credentials:credentials-play-services-auth:1.2.0-rc01] AndroidManifest.xml:38:13-37
113            android:fitsSystemWindows="true"
113-->[androidx.credentials:credentials-play-services-auth:1.2.0-rc01] AndroidManifest.xml:39:13-45
114            android:theme="@style/Theme.Hidden" >
114-->[androidx.credentials:credentials-play-services-auth:1.2.0-rc01] AndroidManifest.xml:40:13-48
115        </activity>
116        <activity
116-->[com.google.android.gms:play-services-auth:20.7.0] AndroidManifest.xml:23:9-27:75
117            android:name="com.google.android.gms.auth.api.signin.internal.SignInHubActivity"
117-->[com.google.android.gms:play-services-auth:20.7.0] AndroidManifest.xml:24:13-93
118            android:excludeFromRecents="true"
118-->[com.google.android.gms:play-services-auth:20.7.0] AndroidManifest.xml:25:13-46
119            android:exported="false"
119-->[com.google.android.gms:play-services-auth:20.7.0] AndroidManifest.xml:26:13-37
120            android:theme="@android:style/Theme.Translucent.NoTitleBar" />
120-->[com.google.android.gms:play-services-auth:20.7.0] AndroidManifest.xml:27:13-72
121        <!--
122            Service handling Google Sign-In user revocation. For apps that do not integrate with
123            Google Sign-In, this service will never be started.
124        -->
125        <service
125-->[com.google.android.gms:play-services-auth:20.7.0] AndroidManifest.xml:33:9-37:51
126            android:name="com.google.android.gms.auth.api.signin.RevocationBoundService"
126-->[com.google.android.gms:play-services-auth:20.7.0] AndroidManifest.xml:34:13-89
127            android:exported="true"
127-->[com.google.android.gms:play-services-auth:20.7.0] AndroidManifest.xml:35:13-36
128            android:permission="com.google.android.gms.auth.api.signin.permission.REVOCATION_NOTIFICATION"
128-->[com.google.android.gms:play-services-auth:20.7.0] AndroidManifest.xml:36:13-107
129            android:visibleToInstantApps="true" />
129-->[com.google.android.gms:play-services-auth:20.7.0] AndroidManifest.xml:37:13-48
130
131        <provider
131-->[com.google.firebase:firebase-common:22.0.1] AndroidManifest.xml:23:9-28:39
132            android:name="com.google.firebase.provider.FirebaseInitProvider"
132-->[com.google.firebase:firebase-common:22.0.1] AndroidManifest.xml:24:13-77
133            android:authorities="fr.isen.lucasribeiro.waltfiles.firebaseinitprovider"
133-->[com.google.firebase:firebase-common:22.0.1] AndroidManifest.xml:25:13-72
134            android:directBootAware="true"
134-->[com.google.firebase:firebase-common:22.0.1] AndroidManifest.xml:26:13-43
135            android:exported="false"
135-->[com.google.firebase:firebase-common:22.0.1] AndroidManifest.xml:27:13-37
136            android:initOrder="100" />
136-->[com.google.firebase:firebase-common:22.0.1] AndroidManifest.xml:28:13-36
137
138        <activity
138-->[com.google.android.gms:play-services-base:18.1.0] AndroidManifest.xml:20:9-22:45
139            android:name="com.google.android.gms.common.api.GoogleApiActivity"
139-->[com.google.android.gms:play-services-base:18.1.0] AndroidManifest.xml:20:19-85
140            android:exported="false"
140-->[com.google.android.gms:play-services-base:18.1.0] AndroidManifest.xml:22:19-43
141            android:theme="@android:style/Theme.Translucent.NoTitleBar" />
141-->[com.google.android.gms:play-services-base:18.1.0] AndroidManifest.xml:21:19-78
142        <activity
142-->[androidx.compose.ui:ui-tooling-android:1.9.2] AndroidManifest.xml:23:9-25:39
143            android:name="androidx.compose.ui.tooling.PreviewActivity"
143-->[androidx.compose.ui:ui-tooling-android:1.9.2] AndroidManifest.xml:24:13-71
144            android:exported="true" />
144-->[androidx.compose.ui:ui-tooling-android:1.9.2] AndroidManifest.xml:25:13-36
145        <activity
145-->[androidx.compose.ui:ui-test-manifest:1.9.2] AndroidManifest.xml:23:9-26:79
146            android:name="androidx.activity.ComponentActivity"
146-->[androidx.compose.ui:ui-test-manifest:1.9.2] AndroidManifest.xml:24:13-63
147            android:exported="true"
147-->[androidx.compose.ui:ui-test-manifest:1.9.2] AndroidManifest.xml:25:13-36
148            android:theme="@android:style/Theme.Material.Light.NoActionBar" />
148-->[androidx.compose.ui:ui-test-manifest:1.9.2] AndroidManifest.xml:26:13-76
149
150        <provider
150-->[androidx.emoji2:emoji2:1.4.0] AndroidManifest.xml:24:9-32:20
151            android:name="androidx.startup.InitializationProvider"
151-->[androidx.emoji2:emoji2:1.4.0] AndroidManifest.xml:25:13-67
152            android:authorities="fr.isen.lucasribeiro.waltfiles.androidx-startup"
152-->[androidx.emoji2:emoji2:1.4.0] AndroidManifest.xml:26:13-68
153            android:exported="false" >
153-->[androidx.emoji2:emoji2:1.4.0] AndroidManifest.xml:27:13-37
154            <meta-data
154-->[androidx.emoji2:emoji2:1.4.0] AndroidManifest.xml:29:13-31:52
155                android:name="androidx.emoji2.text.EmojiCompatInitializer"
155-->[androidx.emoji2:emoji2:1.4.0] AndroidManifest.xml:30:17-75
156                android:value="androidx.startup" />
156-->[androidx.emoji2:emoji2:1.4.0] AndroidManifest.xml:31:17-49
157            <meta-data
157-->[androidx.lifecycle:lifecycle-process:2.10.0] AndroidManifest.xml:29:13-31:52
158                android:name="androidx.lifecycle.ProcessLifecycleInitializer"
158-->[androidx.lifecycle:lifecycle-process:2.10.0] AndroidManifest.xml:30:17-78
159                android:value="androidx.startup" />
159-->[androidx.lifecycle:lifecycle-process:2.10.0] AndroidManifest.xml:31:17-49
160            <meta-data
160-->[androidx.profileinstaller:profileinstaller:1.4.0] AndroidManifest.xml:29:13-31:52
161                android:name="androidx.profileinstaller.ProfileInstallerInitializer"
161-->[androidx.profileinstaller:profileinstaller:1.4.0] AndroidManifest.xml:30:17-85
162                android:value="androidx.startup" />
162-->[androidx.profileinstaller:profileinstaller:1.4.0] AndroidManifest.xml:31:17-49
163        </provider>
164
165        <meta-data
165-->[com.google.android.gms:play-services-basement:18.4.0] AndroidManifest.xml:6:9-122
166            android:name="com.google.android.gms.version"
166-->[com.google.android.gms:play-services-basement:18.4.0] AndroidManifest.xml:6:20-65
167            android:value="@integer/google_play_services_version" />
167-->[com.google.android.gms:play-services-basement:18.4.0] AndroidManifest.xml:6:66-119
168
169        <receiver
169-->[androidx.profileinstaller:profileinstaller:1.4.0] AndroidManifest.xml:34:9-52:20
170            android:name="androidx.profileinstaller.ProfileInstallReceiver"
170-->[androidx.profileinstaller:profileinstaller:1.4.0] AndroidManifest.xml:35:13-76
171            android:directBootAware="false"
171-->[androidx.profileinstaller:profileinstaller:1.4.0] AndroidManifest.xml:36:13-44
172            android:enabled="true"
172-->[androidx.profileinstaller:profileinstaller:1.4.0] AndroidManifest.xml:37:13-35
173            android:exported="true"
173-->[androidx.profileinstaller:profileinstaller:1.4.0] AndroidManifest.xml:38:13-36
174            android:permission="android.permission.DUMP" >
174-->[androidx.profileinstaller:profileinstaller:1.4.0] AndroidManifest.xml:39:13-57
175            <intent-filter>
175-->[androidx.profileinstaller:profileinstaller:1.4.0] AndroidManifest.xml:40:13-42:29
176                <action android:name="androidx.profileinstaller.action.INSTALL_PROFILE" />
176-->[androidx.profileinstaller:profileinstaller:1.4.0] AndroidManifest.xml:41:17-91
176-->[androidx.profileinstaller:profileinstaller:1.4.0] AndroidManifest.xml:41:25-88
177            </intent-filter>
178            <intent-filter>
178-->[androidx.profileinstaller:profileinstaller:1.4.0] AndroidManifest.xml:43:13-45:29
179                <action android:name="androidx.profileinstaller.action.SKIP_FILE" />
179-->[androidx.profileinstaller:profileinstaller:1.4.0] AndroidManifest.xml:44:17-85
179-->[androidx.profileinstaller:profileinstaller:1.4.0] AndroidManifest.xml:44:25-82
180            </intent-filter>
181            <intent-filter>
181-->[androidx.profileinstaller:profileinstaller:1.4.0] AndroidManifest.xml:46:13-48:29
182                <action android:name="androidx.profileinstaller.action.SAVE_PROFILE" />
182-->[androidx.profileinstaller:profileinstaller:1.4.0] AndroidManifest.xml:47:17-88
182-->[androidx.profileinstaller:profileinstaller:1.4.0] AndroidManifest.xml:47:25-85
183            </intent-filter>
184            <intent-filter>
184-->[androidx.profileinstaller:profileinstaller:1.4.0] AndroidManifest.xml:49:13-51:29
185                <action android:name="androidx.profileinstaller.action.BENCHMARK_OPERATION" />
185-->[androidx.profileinstaller:profileinstaller:1.4.0] AndroidManifest.xml:50:17-95
185-->[androidx.profileinstaller:profileinstaller:1.4.0] AndroidManifest.xml:50:25-92
186            </intent-filter>
187        </receiver> <!-- The activities will be merged into the manifest of the hosting app. -->
188        <activity
188-->[com.google.android.play:core-common:2.0.3] AndroidManifest.xml:14:9-18:65
189            android:name="com.google.android.play.core.common.PlayCoreDialogWrapperActivity"
189-->[com.google.android.play:core-common:2.0.3] AndroidManifest.xml:15:13-93
190            android:exported="false"
190-->[com.google.android.play:core-common:2.0.3] AndroidManifest.xml:16:13-37
191            android:stateNotNeeded="true"
191-->[com.google.android.play:core-common:2.0.3] AndroidManifest.xml:17:13-42
192            android:theme="@style/Theme.PlayCore.Transparent" />
192-->[com.google.android.play:core-common:2.0.3] AndroidManifest.xml:18:13-62
193    </application>
194
195</manifest>